[0.190s] DEBUG:colcon:Command line arguments: ['/usr/bin/colcon', 'build']
[0.190s] DEBUG:colcon:Parsed command line arguments: Namespace(log_base=None, log_level=None, verb_name='build', build_base='build', install_base='install', merge_install=False, symlink_install=False, test_result_base=None, continue_on_error=False, executor='parallel', parallel_workers=16, event_handlers=None, ignore_user_meta=False, metas=['./colcon.meta'], base_paths=['.'], packages_ignore=None, packages_ignore_regex=None, paths=None, packages_up_to=None, packages_up_to_regex=None, packages_above=None, packages_above_and_dependencies=None, packages_above_depth=None, packages_select_by_dep=None, packages_skip_by_dep=None, packages_skip_up_to=None, packages_select_build_failed=False, packages_skip_build_finished=False, packages_select_test_failures=False, packages_skip_test_passed=False, packages_select=None, packages_skip=None, packages_select_regex=None, packages_skip_regex=None, packages_start=None, packages_end=None, allow_overriding=[], cmake_args=None, cmake_target=None, cmake_target_skip_unavailable=False, cmake_clean_cache=False, cmake_clean_first=False, cmake_force_configure=False, ament_cmake_args=None, catkin_cmake_args=None, catkin_skip_building_tests=False, mixin_files=None, mixin=None, verb_parser=<colcon_mixin.mixin.mixin_argument.MixinArgumentDecorator object at 0x7a698da878c0>, verb_extension=<colcon_core.verb.build.BuildVerb object at 0x7a698da875f0>, main=<bound method BuildVerb.main of <colcon_core.verb.build.BuildVerb object at 0x7a698da875f0>>, mixin_verb=('build',))
[0.255s] Level 1:colcon.colcon_core.package_discovery:discover_packages(colcon_meta) check parameters
[0.255s] Level 1:colcon.colcon_core.package_discovery:discover_packages(recursive) check parameters
[0.255s] Level 1:colcon.colcon_core.package_discovery:discover_packages(ignore) check parameters
[0.255s] Level 1:colcon.colcon_core.package_discovery:discover_packages(path) check parameters
[0.255s] Level 1:colcon.colcon_core.package_discovery:discover_packages(colcon_meta) discover
[0.255s] Level 1:colcon.colcon_core.package_discovery:discover_packages(recursive) discover
[0.255s] INFO:colcon.colcon_core.package_discovery:Crawling recursively for packages in '/home/ali/Desktop/DigitalTechnologies/Fire/ros_files/ROS_PACK'
[0.255s] Level 1:colcon.colcon_core.package_identification:_identify(.) by extensions ['ignore', 'ignore_ament_install']
[0.255s] Level 1:colcon.colcon_core.package_identification:_identify(.) by extension 'ignore'
[0.256s] Level 1:colcon.colcon_core.package_identification:_identify(.) by extension 'ignore_ament_install'
[0.256s] Level 1:colcon.colcon_core.package_identification:_identify(.) by extensions ['colcon_pkg']
[0.256s] Level 1:colcon.colcon_core.package_identification:_identify(.) by extension 'colcon_pkg'
[0.256s] Level 1:colcon.colcon_core.package_identification:_identify(.) by extensions ['colcon_meta']
[0.256s] Level 1:colcon.colcon_core.package_identification:_identify(.) by extension 'colcon_meta'
[0.256s] Level 1:colcon.colcon_core.package_identification:_identify(.) by extensions ['ros']
[0.256s] Level 1:colcon.colcon_core.package_identification:_identify(.) by extension 'ros'
[0.294s] Level 1:colcon.colcon_core.package_identification:_identify(.) by extensions ['cmake', 'python']
[0.295s] Level 1:colcon.colcon_core.package_identification:_identify(.) by extension 'cmake'
[0.295s] Level 1:colcon.colcon_core.package_identification:_identify(.) by extension 'python'
[0.295s] Level 1:colcon.colcon_core.package_identification:_identify(.) by extensions ['python_setup_py']
[0.295s] Level 1:colcon.colcon_core.package_identification:_identify(.) by extension 'python_setup_py'
[0.295s] Level 1:colcon.colcon_core.package_identification:_identify(build) by extensions ['ignore', 'ignore_ament_install']
[0.295s] Level 1:colcon.colcon_core.package_identification:_identify(build) by extension 'ignore'
[0.295s] Level 1:colcon.colcon_core.package_identification:_identify(build) ignored
[0.295s] Level 1:colcon.colcon_core.package_identification:_identify(install) by extensions ['ignore', 'ignore_ament_install']
[0.295s] Level 1:colcon.colcon_core.package_identification:_identify(install) by extension 'ignore'
[0.295s] Level 1:colcon.colcon_core.package_identification:_identify(install) ignored
[0.296s] Level 1:colcon.colcon_core.package_identification:_identify(log) by extensions ['ignore', 'ignore_ament_install']
[0.296s] Level 1:colcon.colcon_core.package_identification:_identify(log) by extension 'ignore'
[0.296s] Level 1:colcon.colcon_core.package_identification:_identify(log) ignored
[0.296s] Level 1:colcon.colcon_core.package_identification:_identify(src) by extensions ['ignore', 'ignore_ament_install']
[0.296s] Level 1:colcon.colcon_core.package_identification:_identify(src) by extension 'ignore'
[0.296s] Level 1:colcon.colcon_core.package_identification:_identify(src) by extension 'ignore_ament_install'
[0.296s] Level 1:colcon.colcon_core.package_identification:_identify(src) by extensions ['colcon_pkg']
[0.296s] Level 1:colcon.colcon_core.package_identification:_identify(src) by extension 'colcon_pkg'
[0.296s] Level 1:colcon.colcon_core.package_identification:_identify(src) by extensions ['colcon_meta']
[0.296s] Level 1:colcon.colcon_core.package_identification:_identify(src) by extension 'colcon_meta'
[0.296s] Level 1:colcon.colcon_core.package_identification:_identify(src) by extensions ['ros']
[0.296s] Level 1:colcon.colcon_core.package_identification:_identify(src) by extension 'ros'
[0.297s] Level 1:colcon.colcon_core.package_identification:_identify(src) by extensions ['cmake', 'python']
[0.297s] Level 1:colcon.colcon_core.package_identification:_identify(src) by extension 'cmake'
[0.297s] Level 1:colcon.colcon_core.package_identification:_identify(src) by extension 'python'
[0.297s] Level 1:colcon.colcon_core.package_identification:_identify(src) by extensions ['python_setup_py']
[0.297s] Level 1:colcon.colcon_core.package_identification:_identify(src) by extension 'python_setup_py'
[0.297s] Level 1:colcon.colcon_core.package_identification:_identify(src/fire_detection_ros2) by extensions ['ignore', 'ignore_ament_install']
[0.297s] Level 1:colcon.colcon_core.package_identification:_identify(src/fire_detection_ros2) by extension 'ignore'
[0.297s] Level 1:colcon.colcon_core.package_identification:_identify(src/fire_detection_ros2) by extension 'ignore_ament_install'
[0.297s] Level 1:colcon.colcon_core.package_identification:_identify(src/fire_detection_ros2) by extensions ['colcon_pkg']
[0.297s] Level 1:colcon.colcon_core.package_identification:_identify(src/fire_detection_ros2) by extension 'colcon_pkg'
[0.297s] Level 1:colcon.colcon_core.package_identification:_identify(src/fire_detection_ros2) by extensions ['colcon_meta']
[0.297s] Level 1:colcon.colcon_core.package_identification:_identify(src/fire_detection_ros2) by extension 'colcon_meta'
[0.297s] Level 1:colcon.colcon_core.package_identification:_identify(src/fire_detection_ros2) by extensions ['ros']
[0.297s] Level 1:colcon.colcon_core.package_identification:_identify(src/fire_detection_ros2) by extension 'ros'
[0.302s] DEBUG:colcon.colcon_core.package_identification:Package 'src/fire_detection_ros2' with type 'ros.ament_python' and name 'fire_detection_ros2'
[0.302s] Level 1:colcon.colcon_core.package_discovery:discover_packages(recursive) using defaults
[0.303s] Level 1:colcon.colcon_core.package_discovery:discover_packages(ignore) discover
[0.303s] Level 1:colcon.colcon_core.package_discovery:discover_packages(ignore) using defaults
[0.303s] Level 1:colcon.colcon_core.package_discovery:discover_packages(path) discover
[0.303s] Level 1:colcon.colcon_core.package_discovery:discover_packages(path) using defaults
[0.329s] Level 1:colcon.colcon_core.package_discovery:discover_packages(prefix_path) check parameters
[0.329s] Level 1:colcon.colcon_core.package_discovery:discover_packages(prefix_path) discover
[0.330s] WARNING:colcon.colcon_ros.prefix_path.ament:The path '/home/ali/Desktop/DigitalTechnologies/Fire/ros_files/ROS_PACK/install/fire_detection_ros2' in the environment variable AMENT_PREFIX_PATH doesn't exist
[0.331s] DEBUG:colcon.colcon_installed_package_information.package_discovery:Found 0 installed packages in /home/ali/Desktop/DigitalTechnologies/Fire/ros_files/ROS_PACK/install
[0.334s] DEBUG:colcon.colcon_installed_package_information.package_discovery:Found 294 installed packages in /opt/ros/jazzy
[0.336s] Level 1:colcon.colcon_core.package_discovery:discover_packages(prefix_path) using defaults
[0.402s] Level 5:colcon.colcon_core.verb:set package 'fire_detection_ros2' build argument 'cmake_args' from command line to 'None'
[0.402s] Level 5:colcon.colcon_core.verb:set package 'fire_detection_ros2' build argument 'cmake_target' from command line to 'None'
[0.402s] Level 5:colcon.colcon_core.verb:set package 'fire_detection_ros2' build argument 'cmake_target_skip_unavailable' from command line to 'False'
[0.402s] Level 5:colcon.colcon_core.verb:set package 'fire_detection_ros2' build argument 'cmake_clean_cache' from command line to 'False'
[0.402s] Level 5:colcon.colcon_core.verb:set package 'fire_detection_ros2' build argument 'cmake_clean_first' from command line to 'False'
[0.403s] Level 5:colcon.colcon_core.verb:set package 'fire_detection_ros2' build argument 'cmake_force_configure' from command line to 'False'
[0.403s] Level 5:colcon.colcon_core.verb:set package 'fire_detection_ros2' build argument 'ament_cmake_args' from command line to 'None'
[0.403s] Level 5:colcon.colcon_core.verb:set package 'fire_detection_ros2' build argument 'catkin_cmake_args' from command line to 'None'
[0.403s] Level 5:colcon.colcon_core.verb:set package 'fire_detection_ros2' build argument 'catkin_skip_building_tests' from command line to 'False'
[0.403s] DEBUG:colcon.colcon_core.verb:Building package 'fire_detection_ros2' with the following arguments: {'ament_cmake_args': None, 'build_base': '/home/ali/Desktop/DigitalTechnologies/Fire/ros_files/ROS_PACK/build/fire_detection_ros2', 'catkin_cmake_args': None, 'catkin_skip_building_tests': False, 'cmake_args': None, 'cmake_clean_cache': False, 'cmake_clean_first': False, 'cmake_force_configure': False, 'cmake_target': None, 'cmake_target_skip_unavailable': False, 'install_base': '/home/ali/Desktop/DigitalTechnologies/Fire/ros_files/ROS_PACK/install/fire_detection_ros2', 'merge_install': False, 'path': '/home/ali/Desktop/DigitalTechnologies/Fire/ros_files/ROS_PACK/src/fire_detection_ros2', 'symlink_install': False, 'test_result_base': None}
[0.403s] INFO:colcon.colcon_core.executor:Executing jobs using 'parallel' executor
[0.404s] DEBUG:colcon.colcon_parallel_executor.executor.parallel:run_until_complete
[0.404s] INFO:colcon.colcon_ros.task.ament_python.build:Building ROS package in '/home/ali/Desktop/DigitalTechnologies/Fire/ros_files/ROS_PACK/src/fire_detection_ros2' with build type 'ament_python'
[0.404s] Level 1:colcon.colcon_core.shell:create_environment_hook('fire_detection_ros2', 'ament_prefix_path')
[0.408s] INFO:colcon.colcon_core.plugin_system:Skipping extension 'colcon_core.shell.bat': Not used on non-Windows systems
[0.408s] INFO:colcon.colcon_core.shell:Creating environment hook '/home/ali/Desktop/DigitalTechnologies/Fire/ros_files/ROS_PACK/install/fire_detection_ros2/share/fire_detection_ros2/hook/ament_prefix_path.ps1'
[0.410s] INFO:colcon.colcon_core.shell:Creating environment descriptor '/home/ali/Desktop/DigitalTechnologies/Fire/ros_files/ROS_PACK/install/fire_detection_ros2/share/fire_detection_ros2/hook/ament_prefix_path.dsv'
[0.411s] INFO:colcon.colcon_core.shell:Creating environment hook '/home/ali/Desktop/DigitalTechnologies/Fire/ros_files/ROS_PACK/install/fire_detection_ros2/share/fire_detection_ros2/hook/ament_prefix_path.sh'
[0.412s] INFO:colcon.colcon_core.shell:Skip shell extension 'powershell' for command environment: Not usable outside of PowerShell
[0.412s] DEBUG:colcon.colcon_core.shell:Skip shell extension 'dsv' for command environment
[0.779s] INFO:colcon.colcon_core.task.python.build:Building Python package in '/home/ali/Desktop/DigitalTechnologies/Fire/ros_files/ROS_PACK/src/fire_detection_ros2'
[0.779s] INFO:colcon.colcon_core.shell:Skip shell extension 'powershell' for command environment: Not usable outside of PowerShell
[0.780s] DEBUG:colcon.colcon_core.shell:Skip shell extension 'dsv' for command environment
[1.831s] DEBUG:colcon.colcon_core.event_handler.log_command:Invoking command in '/home/ali/Desktop/DigitalTechnologies/Fire/ros_files/ROS_PACK/src/fire_detection_ros2': DEBUGINFOD_URLS=https://debuginfod.ubuntu.com PYTHONPATH=/home/ali/Desktop/DigitalTechnologies/Fire/ros_files/ROS_PACK/build/fire_detection_ros2/prefix_override:/usr/lib/python3/dist-packages/colcon_core/task/python/colcon_distutils_commands:/home/ali/Desktop/DigitalTechnologies/Fire/ros_files/ROS_PACK/install/fire_detection_ros2/lib/python3.12/site-packages:${PYTHONPATH} /usr/bin/python3 -W ignore:setup.py install is deprecated -W ignore:easy_install command is deprecated setup.py egg_info --egg-base ../../build/fire_detection_ros2 build --build-base /home/ali/Desktop/DigitalTechnologies/Fire/ros_files/ROS_PACK/build/fire_detection_ros2/build install --record /home/ali/Desktop/DigitalTechnologies/Fire/ros_files/ROS_PACK/build/fire_detection_ros2/install.log --single-version-externally-managed install_data
[2.838s] DEBUG:colcon.colcon_core.event_handler.log_command:Invoked command in '/home/ali/Desktop/DigitalTechnologies/Fire/ros_files/ROS_PACK/src/fire_detection_ros2' returned '0': DEBUGINFOD_URLS=https://debuginfod.ubuntu.com PYTHONPATH=/home/ali/Desktop/DigitalTechnologies/Fire/ros_files/ROS_PACK/build/fire_detection_ros2/prefix_override:/usr/lib/python3/dist-packages/colcon_core/task/python/colcon_distutils_commands:/home/ali/Desktop/DigitalTechnologies/Fire/ros_files/ROS_PACK/install/fire_detection_ros2/lib/python3.12/site-packages:${PYTHONPATH} /usr/bin/python3 -W ignore:setup.py install is deprecated -W ignore:easy_install command is deprecated setup.py egg_info --egg-base ../../build/fire_detection_ros2 build --build-base /home/ali/Desktop/DigitalTechnologies/Fire/ros_files/ROS_PACK/build/fire_detection_ros2/build install --record /home/ali/Desktop/DigitalTechnologies/Fire/ros_files/ROS_PACK/build/fire_detection_ros2/install.log --single-version-externally-managed install_data
[2.841s] Level 1:colcon.colcon_core.environment:checking '/home/ali/Desktop/DigitalTechnologies/Fire/ros_files/ROS_PACK/install/fire_detection_ros2' for CMake module files
[2.842s] Level 1:colcon.colcon_core.environment:checking '/home/ali/Desktop/DigitalTechnologies/Fire/ros_files/ROS_PACK/install/fire_detection_ros2' for CMake config files
[2.843s] Level 1:colcon.colcon_core.environment:checking '/home/ali/Desktop/DigitalTechnologies/Fire/ros_files/ROS_PACK/install/fire_detection_ros2/lib'
[2.843s] Level 1:colcon.colcon_core.environment:checking '/home/ali/Desktop/DigitalTechnologies/Fire/ros_files/ROS_PACK/install/fire_detection_ros2/bin'
[2.843s] Level 1:colcon.colcon_core.environment:checking '/home/ali/Desktop/DigitalTechnologies/Fire/ros_files/ROS_PACK/install/fire_detection_ros2/lib/pkgconfig/fire_detection_ros2.pc'
[2.844s] Level 1:colcon.colcon_core.environment:checking '/home/ali/Desktop/DigitalTechnologies/Fire/ros_files/ROS_PACK/install/fire_detection_ros2/lib/python3.12/site-packages'
[2.844s] Level 1:colcon.colcon_core.shell:create_environment_hook('fire_detection_ros2', 'pythonpath')
[2.844s] INFO:colcon.colcon_core.shell:Creating environment hook '/home/ali/Desktop/DigitalTechnologies/Fire/ros_files/ROS_PACK/install/fire_detection_ros2/share/fire_detection_ros2/hook/pythonpath.ps1'
[2.845s] INFO:colcon.colcon_core.shell:Creating environment descriptor '/home/ali/Desktop/DigitalTechnologies/Fire/ros_files/ROS_PACK/install/fire_detection_ros2/share/fire_detection_ros2/hook/pythonpath.dsv'
[2.845s] INFO:colcon.colcon_core.shell:Creating environment hook '/home/ali/Desktop/DigitalTechnologies/Fire/ros_files/ROS_PACK/install/fire_detection_ros2/share/fire_detection_ros2/hook/pythonpath.sh'
[2.846s] Level 1:colcon.colcon_core.environment:checking '/home/ali/Desktop/DigitalTechnologies/Fire/ros_files/ROS_PACK/install/fire_detection_ros2/bin'
[2.846s] Level 1:colcon.colcon_core.environment:create_environment_scripts_only(fire_detection_ros2)
[2.847s] INFO:colcon.colcon_core.shell:Creating package script '/home/ali/Desktop/DigitalTechnologies/Fire/ros_files/ROS_PACK/install/fire_detection_ros2/share/fire_detection_ros2/package.ps1'
[2.848s] INFO:colcon.colcon_core.shell:Creating package descriptor '/home/ali/Desktop/DigitalTechnologies/Fire/ros_files/ROS_PACK/install/fire_detection_ros2/share/fire_detection_ros2/package.dsv'
[2.848s] INFO:colcon.colcon_core.shell:Creating package script '/home/ali/Desktop/DigitalTechnologies/Fire/ros_files/ROS_PACK/install/fire_detection_ros2/share/fire_detection_ros2/package.sh'
[2.849s] INFO:colcon.colcon_core.shell:Creating package script '/home/ali/Desktop/DigitalTechnologies/Fire/ros_files/ROS_PACK/install/fire_detection_ros2/share/fire_detection_ros2/package.bash'
[2.850s] INFO:colcon.colcon_core.shell:Creating package script '/home/ali/Desktop/DigitalTechnologies/Fire/ros_files/ROS_PACK/install/fire_detection_ros2/share/fire_detection_ros2/package.zsh'
[2.851s] Level 1:colcon.colcon_core.environment:create_file_with_runtime_dependencies(/home/ali/Desktop/DigitalTechnologies/Fire/ros_files/ROS_PACK/install/fire_detection_ros2/share/colcon-core/packages/fire_detection_ros2)
[2.852s] DEBUG:colcon.colcon_parallel_executor.executor.parallel:closing loop
[2.853s] DEBUG:colcon.colcon_parallel_executor.executor.parallel:loop closed
[2.853s] DEBUG:colcon.colcon_parallel_executor.executor.parallel:run_until_complete finished with '0'
[2.853s] DEBUG:colcon.colcon_core.event_reactor:joining thread
[2.862s] INFO:colcon.colcon_core.plugin_system:Skipping extension 'colcon_notification.desktop_notification.terminal_notifier': Not used on non-Darwin systems
[2.862s] INFO:colcon.colcon_core.plugin_system:Skipping extension 'colcon_notification.desktop_notification.win32': Not used on non-Windows systems
[2.862s] INFO:colcon.colcon_notification.desktop_notification:Sending desktop notification using 'notify2'
[2.887s] DEBUG:colcon.colcon_core.event_reactor:joined thread
[2.887s] INFO:colcon.colcon_core.shell:Creating prefix script '/home/ali/Desktop/DigitalTechnologies/Fire/ros_files/ROS_PACK/install/local_setup.ps1'
[2.889s] INFO:colcon.colcon_core.shell:Creating prefix util module '/home/ali/Desktop/DigitalTechnologies/Fire/ros_files/ROS_PACK/install/_local_setup_util_ps1.py'
[2.891s] INFO:colcon.colcon_core.shell:Creating prefix chain script '/home/ali/Desktop/DigitalTechnologies/Fire/ros_files/ROS_PACK/install/setup.ps1'
[2.892s] INFO:colcon.colcon_core.shell:Creating prefix script '/home/ali/Desktop/DigitalTechnologies/Fire/ros_files/ROS_PACK/install/local_setup.sh'
[2.893s] INFO:colcon.colcon_core.shell:Creating prefix util module '/home/ali/Desktop/DigitalTechnologies/Fire/ros_files/ROS_PACK/install/_local_setup_util_sh.py'
[2.893s] INFO:colcon.colcon_core.shell:Creating prefix chain script '/home/ali/Desktop/DigitalTechnologies/Fire/ros_files/ROS_PACK/install/setup.sh'
[2.895s] INFO:colcon.colcon_core.shell:Creating prefix script '/home/ali/Desktop/DigitalTechnologies/Fire/ros_files/ROS_PACK/install/local_setup.bash'
[2.895s] INFO:colcon.colcon_core.shell:Creating prefix chain script '/home/ali/Desktop/DigitalTechnologies/Fire/ros_files/ROS_PACK/install/setup.bash'
[2.897s] INFO:colcon.colcon_core.shell:Creating prefix script '/home/ali/Desktop/DigitalTechnologies/Fire/ros_files/ROS_PACK/install/local_setup.zsh'
[2.897s] INFO:colcon.colcon_core.shell:Creating prefix chain script '/home/ali/Desktop/DigitalTechnologies/Fire/ros_files/ROS_PACK/install/setup.zsh'
